2025-05-15 23:30:03,209 - INFO - ==================================================
2025-05-15 23:30:03,209 - INFO - Rumah123 Property Scraper
2025-05-15 23:30:03,209 - INFO - ==================================================
2025-05-15 23:30:03,209 - INFO - Starting scraper at 2025-05-15 23:30:03
2025-05-15 23:30:03,209 - INFO - Will scrape up to 1 pages from https://www.rumah123.com/jual/dki-jakarta/rumah/
2025-05-15 23:30:03,209 - INFO - Results will be saved to: results\scraping_session_20250515_233003
2025-05-15 23:30:03,209 - INFO - Scraping page 1/1...
2025-05-15 23:30:03,209 - INFO - Retrieving listing page: https://www.rumah123.com/jual/dki-jakarta/rumah/?page=1
2025-05-15 23:30:04,991 - INFO - No property cards found on https://www.rumah123.com/jual/dki-jakarta/rumah/?page=1, trying generic link extraction
2025-05-15 23:30:05,009 - INFO - Found 20 unique property links on https://www.rumah123.com/jual/dki-jakarta/rumah/?page=1
2025-05-15 23:30:05,010 - INFO - Added 20 new unique links from page 1
2025-05-15 23:30:05,010 - INFO - Total unique links found: 20
2025-05-15 23:30:05,012 - INFO - Saved 20 links to results\scraping_session_20250515_233003\property_links.txt
2025-05-15 23:30:05,012 - INFO - Scraping property 1/20: https://www.rumah123.com/properti/jakarta-barat/hos19478420/
2025-05-15 23:30:05,982 - INFO - Received response from https://www.rumah123.com/properti/jakarta-barat/hos19478420/ - Size: 424169 bytes
2025-05-15 23:30:06,108 - INFO - Scraping property 2/20: https://www.rumah123.com/properti/jakarta-selatan/hos18964155/
2025-05-15 23:30:06,108 - INFO - Waiting 2.24 seconds before next property
2025-05-15 23:30:09,374 - INFO - Received response from https://www.rumah123.com/properti/jakarta-selatan/hos18964155/ - Size: 409299 bytes
2025-05-15 23:30:09,492 - INFO - Scraping property 3/20: https://www.rumah123.com/properti/jakarta-selatan/hos15124965/
2025-05-15 23:30:09,492 - INFO - Waiting 4.59 seconds before next property
2025-05-15 23:30:15,327 - INFO - Received response from https://www.rumah123.com/properti/jakarta-selatan/hos15124965/ - Size: 411729 bytes
2025-05-15 23:30:15,473 - INFO - Scraping property 4/20: https://www.rumah123.com/properti/jakarta-selatan/hos39116026/
2025-05-15 23:30:15,473 - INFO - Waiting 2.81 seconds before next property
2025-05-15 23:30:19,263 - INFO - Received response from https://www.rumah123.com/properti/jakarta-selatan/hos39116026/ - Size: 395585 bytes
2025-05-15 23:30:19,337 - INFO - Scraping property 5/20: https://www.rumah123.com/properti/jakarta-selatan/hos39117049/
2025-05-15 23:30:19,337 - INFO - Waiting 3.18 seconds before next property
2025-05-15 23:30:23,380 - INFO - Received response from https://www.rumah123.com/properti/jakarta-selatan/hos39117049/ - Size: 413401 bytes
2025-05-15 23:30:23,488 - INFO - Saved 5 unique property records to results\scraping_session_20250515_233003\interim_results_20250515_233023.csv
2025-05-15 23:30:23,488 - INFO - CSV includes 47 columns
2025-05-15 23:30:23,488 - INFO - Saved interim results to results\scraping_session_20250515_233003\interim_results_20250515_233023.csv
2025-05-15 23:30:23,488 - INFO - Scraping property 6/20: https://www.rumah123.com/properti/jakarta-utara/hos19040391/
2025-05-15 23:30:23,488 - INFO - Waiting 4.59 seconds before next property
2025-05-15 23:30:28,977 - INFO - Received response from https://www.rumah123.com/properti/jakarta-utara/hos19040391/ - Size: 415766 bytes
2025-05-15 23:30:29,067 - INFO - Scraping property 7/20: https://www.rumah123.com/properti/jakarta-utara/hos38840092/
2025-05-15 23:30:29,067 - INFO - Waiting 2.82 seconds before next property
2025-05-15 23:30:33,058 - INFO - Received response from https://www.rumah123.com/properti/jakarta-utara/hos38840092/ - Size: 397022 bytes
2025-05-15 23:30:33,140 - INFO - Scraping property 8/20: https://www.rumah123.com/properti/jakarta-selatan/hos39124900/
2025-05-15 23:30:33,147 - INFO - Waiting 3.89 seconds before next property
2025-05-15 23:30:37,927 - INFO - Received response from https://www.rumah123.com/properti/jakarta-selatan/hos39124900/ - Size: 415328 bytes
2025-05-15 23:30:38,055 - INFO - Scraping property 9/20: https://www.rumah123.com/properti/jakarta-selatan/hos16797598/
2025-05-15 23:30:38,055 - INFO - Waiting 4.03 seconds before next property
2025-05-15 23:30:42,797 - INFO - Received response from https://www.rumah123.com/properti/jakarta-selatan/hos16797598/ - Size: 415495 bytes
2025-05-15 23:30:42,929 - INFO - Scraping property 10/20: https://www.rumah123.com/properti/jakarta-selatan/hos17758409/
2025-05-15 23:30:42,929 - INFO - Waiting 2.52 seconds before next property
2025-05-15 23:30:46,657 - INFO - Received response from https://www.rumah123.com/properti/jakarta-selatan/hos17758409/ - Size: 416810 bytes
2025-05-15 23:30:46,797 - INFO - Saved 10 unique property records to results\scraping_session_20250515_233003\interim_results_20250515_233046.csv
2025-05-15 23:30:46,797 - INFO - CSV includes 47 columns
2025-05-15 23:30:46,797 - INFO - Saved interim results to results\scraping_session_20250515_233003\interim_results_20250515_233046.csv
2025-05-15 23:30:46,797 - INFO - Scraping property 11/20: https://www.rumah123.com/properti/jakarta-barat/hos39078843/
2025-05-15 23:30:46,797 - INFO - Waiting 2.40 seconds before next property
2025-05-15 23:30:50,027 - INFO - Received response from https://www.rumah123.com/properti/jakarta-barat/hos39078843/ - Size: 398562 bytes
2025-05-15 23:30:50,127 - INFO - Scraping property 12/20: https://www.rumah123.com/properti/jakarta-barat/hos19121235/
2025-05-15 23:30:50,127 - INFO - Waiting 4.64 seconds before next property
2025-05-15 23:30:56,697 - INFO - Received response from https://www.rumah123.com/properti/jakarta-barat/hos19121235/ - Size: 390560 bytes
2025-05-15 23:30:56,797 - INFO - Scraping property 13/20: https://www.rumah123.com/properti/jakarta-utara/hos38862891/
2025-05-15 23:30:56,797 - INFO - Waiting 4.33 seconds before next property
2025-05-15 23:31:02,137 - INFO - Received response from https://www.rumah123.com/properti/jakarta-utara/hos38862891/ - Size: 388151 bytes
2025-05-15 23:31:02,215 - INFO - Scraping property 14/20: https://www.rumah123.com/properti/jakarta-barat/hos18816432/
2025-05-15 23:31:02,215 - INFO - Waiting 3.41 seconds before next property
2025-05-15 23:31:06,737 - INFO - Received response from https://www.rumah123.com/properti/jakarta-barat/hos18816432/ - Size: 402313 bytes
2025-05-15 23:31:06,897 - INFO - Scraping property 15/20: https://www.rumah123.com/properti/jakarta-barat/hos16528630/
2025-05-15 23:31:06,897 - INFO - Waiting 3.47 seconds before next property
2025-05-15 23:31:11,347 - INFO - Received response from https://www.rumah123.com/properti/jakarta-barat/hos16528630/ - Size: 400822 bytes
2025-05-15 23:31:11,508 - INFO - Saved 15 unique property records to results\scraping_session_20250515_233003\interim_results_20250515_233111.csv
2025-05-15 23:31:11,508 - INFO - CSV includes 47 columns
2025-05-15 23:31:11,508 - INFO - Saved interim results to results\scraping_session_20250515_233003\interim_results_20250515_233111.csv
2025-05-15 23:31:11,508 - INFO - Scraping property 16/20: https://www.rumah123.com/properti/jakarta-barat/hos19583582/
2025-05-15 23:31:11,508 - INFO - Waiting 4.30 seconds before next property
2025-05-15 23:31:16,657 - INFO - Received response from https://www.rumah123.com/properti/jakarta-barat/hos19583582/ - Size: 404216 bytes
2025-05-15 23:31:16,770 - INFO - Scraping property 17/20: https://www.rumah123.com/properti/jakarta-utara/hos38899382/
2025-05-15 23:31:16,770 - INFO - Waiting 3.98 seconds before next property
2025-05-15 23:31:21,737 - INFO - Received response from https://www.rumah123.com/properti/jakarta-utara/hos38899382/ - Size: 405445 bytes
2025-05-15 23:31:21,837 - INFO - Scraping property 18/20: https://www.rumah123.com/properti/jakarta-timur/hos18069878/
2025-05-15 23:31:21,837 - INFO - Waiting 3.42 seconds before next property
2025-05-15 23:31:26,317 - INFO - Received response from https://www.rumah123.com/properti/jakarta-timur/hos18069878/ - Size: 406396 bytes
2025-05-15 23:31:26,407 - INFO - Scraping property 19/20: https://www.rumah123.com/properti/jakarta-pusat/hos17549603/
2025-05-15 23:31:26,407 - INFO - Waiting 2.44 seconds before next property
2025-05-15 23:31:29,739 - INFO - Received response from https://www.rumah123.com/properti/jakarta-pusat/hos17549603/ - Size: 406964 bytes
2025-05-15 23:31:29,817 - INFO - Scraping property 20/20: https://www.rumah123.com/properti/jakarta-utara/hos16757307/
2025-05-15 23:31:29,817 - INFO - Waiting 3.78 seconds before next property
2025-05-15 23:31:34,900 - INFO - Received response from https://www.rumah123.com/properti/jakarta-utara/hos16757307/ - Size: 404997 bytes
2025-05-15 23:31:34,977 - INFO - Saved 20 unique property records to results\scraping_session_20250515_233003\interim_results_20250515_233134.csv
2025-05-15 23:31:34,982 - INFO - CSV includes 47 columns
2025-05-15 23:31:34,982 - INFO - Saved interim results to results\scraping_session_20250515_233003\interim_results_20250515_233134.csv
2025-05-15 23:31:34,982 - INFO - Successfully scraped 20 unique properties
2025-05-15 23:31:34,982 - INFO - Saved 20 unique property records to results\scraping_session_20250515_233003\rumah123_properties_final.csv
2025-05-15 23:31:34,982 - INFO - CSV includes 47 columns
2025-05-15 23:31:34,982 - INFO - Scraping completed successfully! Data saved to results\scraping_session_20250515_233003\rumah123_properties_final.csv
2025-05-15 23:31:34,987 - INFO - Saved 0 specification fields to results\scraping_session_20250515_233003\property_specifications_summary.csv
2025-05-15 23:31:34,987 - INFO - Specification fields summary saved to results\scraping_session_20250515_233003\property_specifications_summary.csv
2025-05-15 23:31:34,987 - INFO - Scraping session completed at 2025-05-15 23:31:34
