2025-05-15 23:52:04,824 - INFO - ==================================================
2025-05-15 23:52:04,824 - INFO - Rumah123 Property Scraper
2025-05-15 23:52:04,825 - INFO - ==================================================
2025-05-15 23:52:04,825 - INFO - Starting scraper at 2025-05-15 23:52:04
2025-05-15 23:52:04,825 - INFO - Will scrape up to 1 pages from https://www.rumah123.com/jual/dki-jakarta/rumah/
2025-05-15 23:52:04,825 - INFO - Results will be saved to: results\scraping_session_20250515_235204
2025-05-15 23:52:04,825 - INFO - Scraping page 1/1...
2025-05-15 23:52:04,825 - INFO - Retrieving listing page: https://www.rumah123.com/jual/dki-jakarta/rumah/?page=1
2025-05-15 23:52:05,448 - INFO - No property cards found on https://www.rumah123.com/jual/dki-jakarta/rumah/?page=1, trying generic link extraction
2025-05-15 23:52:05,454 - INFO - Found 20 unique property links on https://www.rumah123.com/jual/dki-jakarta/rumah/?page=1
2025-05-15 23:52:05,455 - INFO - Added 20 new unique links from page 1
2025-05-15 23:52:05,455 - INFO - Total unique links found: 20
2025-05-15 23:52:05,455 - INFO - Saved 20 links to results\scraping_session_20250515_235204\property_links.txt
2025-05-15 23:52:05,455 - INFO - Scraping property 1/20: https://www.rumah123.com/properti/jakarta-barat/hos38947189/
2025-05-15 23:52:05,743 - INFO - Received response from https://www.rumah123.com/properti/jakarta-barat/hos38947189/ - Size: 390795 bytes
2025-05-15 23:52:05,796 - INFO - Scraping property 2/20: https://www.rumah123.com/properti/jakarta-utara/hos19474412/
2025-05-15 23:52:05,796 - INFO - Waiting 3.69 seconds before next property
2025-05-15 23:52:09,797 - INFO - Received response from https://www.rumah123.com/properti/jakarta-utara/hos19474412/ - Size: 388936 bytes
2025-05-15 23:52:09,865 - INFO - Scraping property 3/20: https://www.rumah123.com/properti/jakarta-barat/hos15922474/
2025-05-15 23:52:09,865 - INFO - Waiting 3.75 seconds before next property
2025-05-15 23:52:13,920 - INFO - Received response from https://www.rumah123.com/properti/jakarta-barat/hos15922474/ - Size: 400559 bytes
2025-05-15 23:52:13,979 - INFO - Scraping property 4/20: https://www.rumah123.com/properti/jakarta-selatan/hos39105727/
2025-05-15 23:52:13,979 - INFO - Waiting 4.43 seconds before next property
2025-05-15 23:52:18,635 - INFO - Received response from https://www.rumah123.com/properti/jakarta-selatan/hos39105727/ - Size: 395846 bytes
2025-05-15 23:52:18,690 - INFO - Scraping property 5/20: https://www.rumah123.com/properti/jakarta-selatan/hos19244690/
2025-05-15 23:52:18,690 - INFO - Waiting 4.04 seconds before next property
2025-05-15 23:52:23,064 - INFO - Received response from https://www.rumah123.com/properti/jakarta-selatan/hos19244690/ - Size: 405337 bytes
2025-05-15 23:52:23,129 - INFO - Saved 5 unique property records to results\scraping_session_20250515_235204\interim_results_20250515_235223.csv
2025-05-15 23:52:23,129 - INFO - CSV includes 41 columns
2025-05-15 23:52:23,129 - INFO - Saved interim results to results\scraping_session_20250515_235204\interim_results_20250515_235223.csv
2025-05-15 23:52:23,129 - INFO - Scraping property 6/20: https://www.rumah123.com/properti/jakarta-timur/hos14806975/
2025-05-15 23:52:23,130 - INFO - Waiting 3.76 seconds before next property
2025-05-15 23:52:27,124 - INFO - Received response from https://www.rumah123.com/properti/jakarta-timur/hos14806975/ - Size: 434996 bytes
2025-05-15 23:52:27,189 - INFO - Scraping property 7/20: https://www.rumah123.com/properti/jakarta-utara/hos12174955/
2025-05-15 23:52:27,189 - INFO - Waiting 2.71 seconds before next property
2025-05-15 23:52:30,158 - INFO - Received response from https://www.rumah123.com/properti/jakarta-utara/hos12174955/ - Size: 410562 bytes
2025-05-15 23:52:30,219 - INFO - Scraping property 8/20: https://www.rumah123.com/properti/jakarta-utara/hos39157555/
2025-05-15 23:52:30,220 - INFO - Waiting 4.13 seconds before next property
2025-05-15 23:52:34,642 - INFO - Received response from https://www.rumah123.com/properti/jakarta-utara/hos39157555/ - Size: 413481 bytes
2025-05-15 23:52:34,711 - INFO - Scraping property 9/20: https://www.rumah123.com/properti/jakarta-selatan/hos39124900/
2025-05-15 23:52:34,711 - INFO - Waiting 3.73 seconds before next property
2025-05-15 23:52:38,673 - INFO - Received response from https://www.rumah123.com/properti/jakarta-selatan/hos39124900/ - Size: 415328 bytes
2025-05-15 23:52:38,746 - INFO - Scraping property 10/20: https://www.rumah123.com/properti/jakarta-barat/hos19478420/
2025-05-15 23:52:38,747 - INFO - Waiting 2.23 seconds before next property
2025-05-15 23:52:41,319 - INFO - Received response from https://www.rumah123.com/properti/jakarta-barat/hos19478420/ - Size: 424169 bytes
2025-05-15 23:52:41,376 - INFO - Saved 10 unique property records to results\scraping_session_20250515_235204\interim_results_20250515_235241.csv
2025-05-15 23:52:41,377 - INFO - CSV includes 42 columns
2025-05-15 23:52:41,377 - INFO - Saved interim results to results\scraping_session_20250515_235204\interim_results_20250515_235241.csv
2025-05-15 23:52:41,377 - INFO - Scraping property 11/20: https://www.rumah123.com/properti/jakarta-selatan/hos39116026/
2025-05-15 23:52:41,377 - INFO - Waiting 4.78 seconds before next property
2025-05-15 23:52:46,375 - INFO - Received response from https://www.rumah123.com/properti/jakarta-selatan/hos39116026/ - Size: 395585 bytes
2025-05-15 23:52:46,435 - INFO - Scraping property 12/20: https://www.rumah123.com/properti/jakarta-selatan/hos39117049/
2025-05-15 23:52:46,435 - INFO - Waiting 3.98 seconds before next property
2025-05-15 23:52:50,654 - INFO - Received response from https://www.rumah123.com/properti/jakarta-selatan/hos39117049/ - Size: 413401 bytes
2025-05-15 23:52:50,718 - INFO - Scraping property 13/20: https://www.rumah123.com/properti/jakarta-selatan/hos16797598/
2025-05-15 23:52:50,718 - INFO - Waiting 4.33 seconds before next property
2025-05-15 23:52:55,316 - INFO - Received response from https://www.rumah123.com/properti/jakarta-selatan/hos16797598/ - Size: 415495 bytes
2025-05-15 23:52:55,383 - INFO - Scraping property 14/20: https://www.rumah123.com/properti/jakarta-selatan/hos17758409/
2025-05-15 23:52:55,383 - INFO - Waiting 3.68 seconds before next property
2025-05-15 23:52:59,463 - INFO - Received response from https://www.rumah123.com/properti/jakarta-selatan/hos17758409/ - Size: 416810 bytes
2025-05-15 23:52:59,522 - INFO - Scraping property 15/20: https://www.rumah123.com/properti/jakarta-barat/hos39078843/
2025-05-15 23:52:59,523 - INFO - Waiting 4.61 seconds before next property
2025-05-15 23:53:04,358 - INFO - Received response from https://www.rumah123.com/properti/jakarta-barat/hos39078843/ - Size: 398562 bytes
2025-05-15 23:53:04,417 - INFO - Saved 15 unique property records to results\scraping_session_20250515_235204\interim_results_20250515_235304.csv
2025-05-15 23:53:04,417 - INFO - CSV includes 42 columns
2025-05-15 23:53:04,417 - INFO - Saved interim results to results\scraping_session_20250515_235204\interim_results_20250515_235304.csv
2025-05-15 23:53:04,417 - INFO - Scraping property 16/20: https://www.rumah123.com/properti/jakarta-barat/hos19121235/
2025-05-15 23:53:04,417 - INFO - Waiting 3.34 seconds before next property
2025-05-15 23:53:07,995 - INFO - Received response from https://www.rumah123.com/properti/jakarta-barat/hos19121235/ - Size: 390560 bytes
2025-05-15 23:53:08,050 - INFO - Scraping property 17/20: https://www.rumah123.com/properti/jakarta-utara/hos38862891/
2025-05-15 23:53:08,050 - INFO - Waiting 3.25 seconds before next property
2025-05-15 23:53:11,515 - INFO - Received response from https://www.rumah123.com/properti/jakarta-utara/hos38862891/ - Size: 388151 bytes
2025-05-15 23:53:11,563 - INFO - Scraping property 18/20: https://www.rumah123.com/properti/jakarta-barat/hos16528630/
2025-05-15 23:53:11,564 - INFO - Waiting 2.49 seconds before next property
2025-05-15 23:53:14,354 - INFO - Received response from https://www.rumah123.com/properti/jakarta-barat/hos16528630/ - Size: 400822 bytes
2025-05-15 23:53:14,410 - INFO - Scraping property 19/20: https://www.rumah123.com/properti/jakarta-barat/hos19583582/
2025-05-15 23:53:14,411 - INFO - Waiting 2.63 seconds before next property
2025-05-15 23:53:17,283 - INFO - Received response from https://www.rumah123.com/properti/jakarta-barat/hos19583582/ - Size: 404216 bytes
2025-05-15 23:53:17,339 - INFO - Scraping property 20/20: https://www.rumah123.com/properti/jakarta-utara/hos38899382/
2025-05-15 23:53:17,339 - INFO - Waiting 3.67 seconds before next property
2025-05-15 23:53:21,261 - INFO - Received response from https://www.rumah123.com/properti/jakarta-utara/hos38899382/ - Size: 405445 bytes
2025-05-15 23:53:21,338 - INFO - Saved 20 unique property records to results\scraping_session_20250515_235204\interim_results_20250515_235321.csv
2025-05-15 23:53:21,338 - INFO - CSV includes 42 columns
2025-05-15 23:53:21,338 - INFO - Saved interim results to results\scraping_session_20250515_235204\interim_results_20250515_235321.csv
2025-05-15 23:53:21,338 - INFO - Successfully scraped 20 unique properties
2025-05-15 23:53:21,340 - INFO - Saved 20 unique property records to results\scraping_session_20250515_235204\rumah123_properties_final.csv
2025-05-15 23:53:21,340 - INFO - CSV includes 42 columns
2025-05-15 23:53:21,341 - INFO - Scraping completed successfully! Data saved to results\scraping_session_20250515_235204\rumah123_properties_final.csv
2025-05-15 23:53:21,341 - INFO - Saved 0 specification fields to results\scraping_session_20250515_235204\property_specifications_summary.csv
2025-05-15 23:53:21,342 - INFO - Specification fields summary saved to results\scraping_session_20250515_235204\property_specifications_summary.csv
2025-05-15 23:53:21,342 - INFO - Scraping session completed at 2025-05-15 23:53:21
